<?xml version="1.0" encoding="UTF-8"?>
<testng-results ignored="0" total="1" passed="1" failed="0" skipped="0">
  <reporter-output>
  </reporter-output>
  <suite started-at="2018-05-02T12:27:30Z" name="Default suite" finished-at="2018-05-02T12:28:38Z" duration-ms="68253">
    <groups>
    </groups>
    <test started-at="2018-05-02T12:27:30Z" name="Default test" finished-at="2018-05-02T12:28:38Z" duration-ms="68253">
      <class name="MyPackage.PopupTestClass">
        <test-method signature="TestWindowPopups()[pri:0, instance:MyPackage.PopupTestClass@1e66f1f5]" started-at="2018-05-02T12:27:30Z" name="TestWindowPopups" finished-at="2018-05-02T12:28:38Z" duration-ms="68227" status="PASS">
          <reporter-output>
          </reporter-output>
        </test-method> <!-- TestWindowPopups -->
      </class> <!-- MyPackage.PopupTestClass -->
    </test> <!-- Default test -->
  </suite> <!-- Default suite -->
</testng-results>
